TN:
SF:src\components\FilterButtons.tsx
FN:10,(anonymous_0)
FN:15,(anonymous_1)
FN:23,(anonymous_2)
FNF:3
FNH:3
FNDA:8,(anonymous_0)
FNDA:1,(anonymous_1)
FNDA:1,(anonymous_2)
DA:10,1
DA:11,8
DA:15,1
DA:23,1
DA:33,1
LF:5
LH:5
BRDA:14,0,0,6
BRDA:14,0,1,2
BRDA:22,1,0,2
BRDA:22,1,1,6
BRF:4
BRH:4
end_of_record
TN:
SF:src\components\MovieCard.tsx
FN:13,(anonymous_0)
FN:14,(anonymous_1)
FN:19,(anonymous_2)
FN:31,(anonymous_3)
FNF:4
FNH:4
FNDA:10,(anonymous_0)
FNDA:2,(anonymous_1)
FNDA:2,(anonymous_2)
FNDA:1,(anonymous_3)
DA:12,1
DA:14,10
DA:15,2
DA:16,2
DA:19,10
DA:20,2
DA:23,10
DA:25,10
DA:32,1
DA:33,1
DA:61,1
LF:11
LH:11
BRDA:32,0,0,1
BRDA:32,0,1,0
BRDA:32,1,0,1
BRDA:32,1,1,0
BRDA:49,2,0,1
BRDA:49,2,1,9
BRDA:51,3,0,1
BRDA:51,3,1,9
BRF:8
BRH:6
end_of_record
TN:
SF:src\components\SearchInput.tsx
FN:8,(anonymous_0)
FN:11,(anonymous_1)
FN:18,(anonymous_2)
FNF:3
FNH:3
FNDA:6,(anonymous_0)
FNDA:3,(anonymous_1)
FNDA:2,(anonymous_2)
DA:8,1
DA:9,6
DA:11,6
DA:12,3
DA:13,3
DA:17,6
DA:19,2
DA:20,1
DA:26,6
LF:9
LH:9
BRDA:8,0,0,6
BRDA:12,1,0,3
BRDA:12,1,1,0
BRDA:19,2,0,1
BRDA:19,2,1,1
BRF:5
BRH:4
end_of_record
TN:
SF:src\utils\fetchMovies.ts
FN:18,fetchMoviesFromApi
FN:31,(anonymous_1)
FNF:2
FNH:2
FNDA:7,fetchMoviesFromApi
FNDA:10,(anonymous_1)
DA:3,1
DA:19,7
DA:21,7
DA:25,6
DA:26,1
DA:29,5
DA:31,10
LF:7
LH:7
BRDA:18,0,0,7
BRDA:25,1,0,1
BRDA:25,1,1,5
BRDA:34,2,0,7
BRDA:34,2,1,3
BRDA:35,3,0,7
BRDA:35,3,1,3
BRF:7
BRH:7
end_of_record
TN:
SF:src\utils\filterMovies.ts
FN:3,filterMovies
FN:11,(anonymous_1)
FN:15,(anonymous_2)
FNF:3
FNH:3
FNDA:9,filterMovies
FNDA:16,(anonymous_1)
FNDA:18,(anonymous_2)
DA:8,9
DA:10,9
DA:11,16
DA:14,9
DA:15,6
DA:16,18
DA:20,9
LF:7
LH:7
BRDA:10,0,0,4
BRDA:10,0,1,5
BRDA:14,1,0,6
BRDA:14,1,1,3
BRF:4
BRH:4
end_of_record
